2024-08-13 18:52:22,754 - httpx - INFO - HTTP Request: GET https://doc-10-0g-sheets.googleusercontent.com/export/54bogvaave6cua4cdnls17ksc4/65uqfs4bl7h44m39vv94c5ncec/1723585395000/112525517457232303984/*/1fLFZpjJbqFpur1ak4uvBGDQAPlXK3ZD9k7O1ji8YAW8?format=xlsx/ "HTTP/1.1 400 Bad Request"
2024-08-13 18:54:44,222 - httpx - INFO - HTTP Request: GET https://doc-10-0g-sheets.googleusercontent.com/export/54bogvaave6cua4cdnls17ksc4/65uqfs4bl7h44m39vv94c5ncec/1723585395000/112525517457232303984/*/1fLFZpjJbqFpur1ak4uvBGDQAPlXK3ZD9k7O1ji8YAW8?format=xlsx/ "HTTP/1.1 400 Bad Request"
2024-08-13 18:54:54,057 - httpx - INFO - HTTP Request: GET https://docs.google.com/spreadsheets/d/1fLFZpjJbqFpur1ak4uvBGDQAPlXK3ZD9k7O1ji8YAW8/export?format=xlsx/ "HTTP/1.1 307 Temporary Redirect"
2024-08-13 18:56:01,392 - httpx - INFO - HTTP Request: GET https://docs.google.com/spreadsheets/d/1fLFZpjJbqFpur1ak4uvBGDQAPlXK3ZD9k7O1ji8YAW8/export?format=xlsx/ "HTTP/1.1 307 Temporary Redirect"
2024-08-14 23:05:38,106 - httpx - INFO - HTTP Request: GET https://docs.google.com/spreadsheets/d/1fLFZpjJbqFpur1ak4uvBGDQAPlXK3ZD9k7O1ji8YAW8/pub?output=xlsx?gid=1199615731/#gid=1199615731 "HTTP/1.1 401 Unauthorized"
2024-08-14 23:06:08,977 - httpx - INFO - HTTP Request: GET https://docs.google.com/spreadsheets/d/e/1fLFZpjJbqFpur1ak4uvBGDQAPlXK3ZD9k7O1ji8YAW8/pub?output=xlsx/ "HTTP/1.1 404 Not Found"
2024-08-14 23:07:16,988 - httpx - INFO - HTTP Request: GET https://docs.google.com/spreadsheets/d/1fLFZpjJbqFpur1ak4uvBGDQAPlXK3ZD9k7O1ji8YAW8/edit?output=xlsx?gid=1199615731/#gid=1199615731 "HTTP/1.1 200 OK"
2024-08-14 23:08:33,745 - httpx - INFO - HTTP Request: GET https://docs.google.com/spreadsheets/d/1fLFZpjJbqFpur1ak4uvBGDQAPlXK3ZD9k7O1ji8YAW8/export?output=xlsx?gid=1199615731/#gid=1199615731 "HTTP/1.1 307 Temporary Redirect"
2024-08-14 23:13:30,828 - httpx - INFO - HTTP Request: GET https://docs.google.com/spreadsheet/ccc?key=1fLFZpjJbqFpur1ak4uvBGDQAPlXK3ZD9k7O1ji8YAW8&output=xlsx/ "HTTP/1.1 301 Moved Permanently"
2024-08-14 23:15:30,067 - httpx - INFO - HTTP Request: GET https://docs.google.com/spreadsheets/d/1fLFZpjJbqFpur1ak4uvBGDQAPlXK3ZD9k7O1ji8YAW8/export?format=xlsx/ "HTTP/1.1 307 Temporary Redirect"
2024-08-14 23:19:21,851 - httpx - INFO - HTTP Request: GET https://docs.google.com/spreadsheets/d/1fLFZpjJbqFpur1ak4uvBGDQAPlXK3ZD9k7O1ji8YAW8/export?format=xlsx&gid=1199615731/ "HTTP/1.1 307 Temporary Redirect"
2024-08-14 23:20:13,208 - httpx - INFO - HTTP Request: GET https://doc-10-0g-sheets.googleusercontent.com/export/54bogvaave6cua4cdnls17ksc4/8cr0s8qf3hmnbcikkdlev0btik/1723688360000/112525517457232303984/*/1fLFZpjJbqFpur1ak4uvBGDQAPlXK3ZD9k7O1ji8YAW8?format=xlsx&amp;gid=1199615731/ "HTTP/1.1 400 Bad Request"
2024-08-14 23:21:11,005 - httpx - INFO - HTTP Request: GET https://docs.google.com/spreadsheets/d/1fLFZpjJbqFpur1ak4uvBGDQAPlXK3ZD9k7O1ji8YAW8/export?format=xlsx&gid=1199615731 "HTTP/1.1 307 Temporary Redirect"
2024-08-14 23:25:32,811 - httpx - INFO - HTTP Request: GET https://docs.google.com/spreadsheets/d/1fLFZpjJbqFpur1ak4uvBGDQAPlXK3ZD9k7O1ji8YAW8/export?format=xlsx&gid=1199615731/ "HTTP/1.1 307 Temporary Redirect"
2024-08-14 23:25:33,479 - httpx - INFO - HTTP Request: GET https://doc-10-0g-sheets.googleusercontent.com/export/54bogvaave6cua4cdnls17ksc4/ab0v1ha40ugh3jk5fsb9b0rg74/1723688730000/112525517457232303984/*/1fLFZpjJbqFpur1ak4uvBGDQAPlXK3ZD9k7O1ji8YAW8?format=xlsx&gid=1199615731/ "HTTP/1.1 400 Bad Request"
2024-08-14 23:25:40,237 - httpx - INFO - HTTP Request: GET https://docs.google.com/spreadsheets/d/1fLFZpjJbqFpur1ak4uvBGDQAPlXK3ZD9k7O1ji8YAW8/export?format=xlsx&gid=1199615731/ "HTTP/1.1 307 Temporary Redirect"
2024-08-14 23:25:40,803 - httpx - INFO - HTTP Request: GET https://doc-10-0g-sheets.googleusercontent.com/export/54bogvaave6cua4cdnls17ksc4/snj6k60jrikp652u51dajnpnms/1723688740000/112525517457232303984/*/1fLFZpjJbqFpur1ak4uvBGDQAPlXK3ZD9k7O1ji8YAW8?format=xlsx&gid=1199615731/ "HTTP/1.1 400 Bad Request"
2024-08-14 23:26:51,341 - httpx - INFO - HTTP Request: GET https://docs.google.com/spreadsheets/d/1fLFZpjJbqFpur1ak4uvBGDQAPlXK3ZD9k7O1ji8YAW8/export?format=xlsx&gid=1199615731 "HTTP/1.1 307 Temporary Redirect"
2024-08-14 23:26:51,895 - httpx - INFO - HTTP Request: GET https://doc-10-0g-sheets.googleusercontent.com/export/54bogvaave6cua4cdnls17ksc4/gcvn66j36mm7b4lb32kmnd3co4/1723688810000/112525517457232303984/*/1fLFZpjJbqFpur1ak4uvBGDQAPlXK3ZD9k7O1ji8YAW8?format=xlsx&gid=1199615731 "HTTP/1.1 200 OK"
2024-08-14 23:29:44,094 - httpx - INFO - HTTP Request: GET https://docs.google.com/spreadsheets/d/1fLFZpjJbqFpur1ak4uvBGDQAPlXK3ZD9k7O1ji8YAW8/export?format=xlsx&gid=1199615731 "HTTP/1.1 307 Temporary Redirect"
2024-08-14 23:29:44,621 - httpx - INFO - HTTP Request: GET https://doc-10-0g-sheets.googleusercontent.com/export/54bogvaave6cua4cdnls17ksc4/i3n4f03jfl7t53k5okpj836mac/1723688980000/112525517457232303984/*/1fLFZpjJbqFpur1ak4uvBGDQAPlXK3ZD9k7O1ji8YAW8?format=xlsx&gid=1199615731 "HTTP/1.1 200 OK"
2024-08-14 23:29:46,122 - httpx - INFO - HTTP Request: POST https://api.mailgun.net/v3/crudbox.com.br/messages "HTTP/1.1 200 OK"
2024-08-14 23:31:37,500 - httpx - INFO - HTTP Request: GET https://docs.google.com/spreadsheets/d/1fLFZpjJbqFpur1ak4uvBGDQAPlXK3ZD9k7O1ji8YAW8/export?format=xlsx&gid=1199615731 "HTTP/1.1 307 Temporary Redirect"
2024-08-14 23:31:38,097 - httpx - INFO - HTTP Request: GET https://doc-10-0g-sheets.googleusercontent.com/export/54bogvaave6cua4cdnls17ksc4/u9lq3l8smjhmhmam4db17aget8/1723689095000/112525517457232303984/*/1fLFZpjJbqFpur1ak4uvBGDQAPlXK3ZD9k7O1ji8YAW8?format=xlsx&gid=1199615731 "HTTP/1.1 200 OK"
2024-08-14 23:31:39,561 - httpx - INFO - HTTP Request: POST https://api.mailgun.net/v3/crudbox.com.br/messages "HTTP/1.1 200 OK"
2024-08-14 23:43:26,693 - httpx - INFO - HTTP Request: GET https://docs.google.com/spreadsheets/d/1fLFZpjJbqFpur1ak4uvBGDQAPlXK3ZD9k7O1ji8YAW8/export?format=xlsx&gid=1199615731 "HTTP/1.1 307 Temporary Redirect"
2024-08-14 23:43:27,398 - httpx - INFO - HTTP Request: GET https://doc-10-0g-sheets.googleusercontent.com/export/54bogvaave6cua4cdnls17ksc4/62n0r9o7e1vpm7fnmmbdpsqpo0/1723689805000/112525517457232303984/*/1fLFZpjJbqFpur1ak4uvBGDQAPlXK3ZD9k7O1ji8YAW8?format=xlsx&gid=1199615731 "HTTP/1.1 200 OK"
2024-08-14 23:43:29,054 - httpx - INFO - HTTP Request: POST https://api.mailgun.net/v3/crudbox.com.br/messages "HTTP/1.1 200 OK"
2024-08-15 00:53:04,293 - httpx - INFO - HTTP Request: GET https://docs.google.com/spreadsheets/d/1fLFZpjJbqFpur1ak4uvBGDQAPlXK3ZD9k7O1ji8YAW8/export?format=xlsx&gid=1199615731 "HTTP/1.1 307 Temporary Redirect"
2024-08-15 00:53:05,069 - httpx - INFO - HTTP Request: GET https://doc-10-0g-sheets.googleusercontent.com/export/54bogvaave6cua4cdnls17ksc4/306jn0dofefhoquaqmu78n453c/1723693980000/112525517457232303984/*/1fLFZpjJbqFpur1ak4uvBGDQAPlXK3ZD9k7O1ji8YAW8?format=xlsx&gid=1199615731 "HTTP/1.1 200 OK"
2024-08-15 00:53:06,504 - httpx - INFO - HTTP Request: POST https://api.mailgun.net/v3/crudbox.com.br/messages "HTTP/1.1 200 OK"
2024-08-15 00:54:04,284 - httpx - INFO - HTTP Request: GET https://docs.google.com/spreadsheets/d/1fLFZpjJbqFpur1ak4uvBGDQAPlXK3ZD9k7O1ji8YAW8/export?format=xlsx&gid=1199615731 "HTTP/1.1 307 Temporary Redirect"
2024-08-15 00:54:04,786 - httpx - INFO - HTTP Request: GET https://doc-10-0g-sheets.googleusercontent.com/export/54bogvaave6cua4cdnls17ksc4/herdqtnopogt552qe0gvo22pn0/1723694040000/112525517457232303984/*/1fLFZpjJbqFpur1ak4uvBGDQAPlXK3ZD9k7O1ji8YAW8?format=xlsx&gid=1199615731 "HTTP/1.1 200 OK"
2024-08-15 00:54:06,121 - httpx - INFO - HTTP Request: POST https://api.mailgun.net/v3/crudbox.com.br/messages "HTTP/1.1 200 OK"
2024-08-15 00:55:04,052 - httpx - INFO - HTTP Request: GET https://docs.google.com/spreadsheets/d/1fLFZpjJbqFpur1ak4uvBGDQAPlXK3ZD9k7O1ji8YAW8/export?format=xlsx&gid=1199615731 "HTTP/1.1 307 Temporary Redirect"
2024-08-15 00:55:04,550 - httpx - INFO - HTTP Request: GET https://doc-10-0g-sheets.googleusercontent.com/export/54bogvaave6cua4cdnls17ksc4/7ucmo0hphsnt5mogc5a429g4i0/1723694100000/112525517457232303984/*/1fLFZpjJbqFpur1ak4uvBGDQAPlXK3ZD9k7O1ji8YAW8?format=xlsx&gid=1199615731 "HTTP/1.1 200 OK"
2024-08-15 00:55:05,817 - httpx - INFO - HTTP Request: POST https://api.mailgun.net/v3/crudbox.com.br/messages "HTTP/1.1 200 OK"
2024-08-15 19:00:05,700 - httpx - INFO - HTTP Request: GET https://docs.google.com/spreadsheets/d/1fLFZpjJbqFpur1ak4uvBGDQAPlXK3ZD9k7O1ji8YAW8/export?format=xlsx&gid=1199615731 "HTTP/1.1 307 Temporary Redirect"
2024-08-15 19:00:06,371 - httpx - INFO - HTTP Request: GET https://doc-10-0g-sheets.googleusercontent.com/export/54bogvaave6cua4cdnls17ksc4/6g7ooa3j3lfbvucn8eqbc7ol4c/1723759205000/112525517457232303984/*/1fLFZpjJbqFpur1ak4uvBGDQAPlXK3ZD9k7O1ji8YAW8?format=xlsx&gid=1199615731 "HTTP/1.1 200 OK"
2024-08-15 19:00:08,095 - httpx - INFO - HTTP Request: POST https://api.mailgun.net/v3/crudbox.com.br/messages "HTTP/1.1 200 OK"
2024-08-16 19:00:09,173 - httpx - INFO - HTTP Request: GET https://docs.google.com/spreadsheets/d/1fLFZpjJbqFpur1ak4uvBGDQAPlXK3ZD9k7O1ji8YAW8/export?format=xlsx&gid=1199615731 "HTTP/1.1 307 Temporary Redirect"
2024-08-16 19:00:09,800 - httpx - INFO - HTTP Request: GET https://doc-10-0g-sheets.googleusercontent.com/export/54bogvaave6cua4cdnls17ksc4/vqs7gmaf3tt29l18uefn9j8u5k/1723845605000/112525517457232303984/*/1fLFZpjJbqFpur1ak4uvBGDQAPlXK3ZD9k7O1ji8YAW8?format=xlsx&gid=1199615731 "HTTP/1.1 200 OK"
2024-08-16 19:00:11,397 - httpx - INFO - HTTP Request: POST https://api.mailgun.net/v3/crudbox.com.br/messages "HTTP/1.1 200 OK"
2024-08-17 19:00:06,159 - httpx - INFO - HTTP Request: GET https://docs.google.com/spreadsheets/d/1fLFZpjJbqFpur1ak4uvBGDQAPlXK3ZD9k7O1ji8YAW8/export?format=xlsx&gid=1199615731 "HTTP/1.1 307 Temporary Redirect"
2024-08-17 19:00:06,972 - httpx - INFO - HTTP Request: GET https://doc-10-0g-sheets.googleusercontent.com/export/54bogvaave6cua4cdnls17ksc4/v520ra2lj61idlsdafr0vnbkq0/1723932005000/112525517457232303984/*/1fLFZpjJbqFpur1ak4uvBGDQAPlXK3ZD9k7O1ji8YAW8?format=xlsx&gid=1199615731 "HTTP/1.1 200 OK"
2024-08-17 19:00:08,859 - httpx - INFO - HTTP Request: POST https://api.mailgun.net/v3/crudbox.com.br/messages "HTTP/1.1 200 OK"
2024-08-19 19:00:06,077 - httpx - INFO - HTTP Request: GET https://docs.google.com/spreadsheets/d/1fLFZpjJbqFpur1ak4uvBGDQAPlXK3ZD9k7O1ji8YAW8/export?format=xlsx&gid=1199615731 "HTTP/1.1 307 Temporary Redirect"
2024-08-19 19:00:06,825 - httpx - INFO - HTTP Request: GET https://doc-10-0g-sheets.googleusercontent.com/export/54bogvaave6cua4cdnls17ksc4/4223u1rmnkocauo850auo1n9p8/1724104805000/112525517457232303984/*/1fLFZpjJbqFpur1ak4uvBGDQAPlXK3ZD9k7O1ji8YAW8?format=xlsx&gid=1199615731 "HTTP/1.1 200 OK"
2024-08-19 19:00:08,805 - httpx - INFO - HTTP Request: POST https://api.mailgun.net/v3/crudbox.com.br/messages "HTTP/1.1 200 OK"
2024-08-20 19:00:06,816 - httpx - INFO - HTTP Request: GET https://docs.google.com/spreadsheets/d/1fLFZpjJbqFpur1ak4uvBGDQAPlXK3ZD9k7O1ji8YAW8/export?format=xlsx&gid=1199615731 "HTTP/1.1 307 Temporary Redirect"
2024-08-20 19:00:07,392 - httpx - INFO - HTTP Request: GET https://doc-10-0g-sheets.googleusercontent.com/export/54bogvaave6cua4cdnls17ksc4/r2tul3rucg8vno400h1ns2ik8c/1724191205000/112525517457232303984/*/1fLFZpjJbqFpur1ak4uvBGDQAPlXK3ZD9k7O1ji8YAW8?format=xlsx&gid=1199615731 "HTTP/1.1 200 OK"
2024-08-20 19:00:09,664 - httpx - INFO - HTTP Request: POST https://api.mailgun.net/v3/crudbox.com.br/messages "HTTP/1.1 200 OK"
2024-08-21 19:00:10,542 - httpx - INFO - HTTP Request: GET https://docs.google.com/spreadsheets/d/1fLFZpjJbqFpur1ak4uvBGDQAPlXK3ZD9k7O1ji8YAW8/export?format=xlsx&gid=1199615731 "HTTP/1.1 307 Temporary Redirect"
2024-08-21 19:00:11,195 - httpx - INFO - HTTP Request: GET https://doc-10-0g-sheets.googleusercontent.com/export/54bogvaave6cua4cdnls17ksc4/i15v1tukvjoboof4iqmtdcjmeg/1724277610000/112525517457232303984/*/1fLFZpjJbqFpur1ak4uvBGDQAPlXK3ZD9k7O1ji8YAW8?format=xlsx&gid=1199615731 "HTTP/1.1 200 OK"
2024-08-21 19:00:13,069 - httpx - INFO - HTTP Request: POST https://api.mailgun.net/v3/crudbox.com.br/messages "HTTP/1.1 200 OK"
2024-08-22 19:00:06,800 - httpx - INFO - HTTP Request: GET https://docs.google.com/spreadsheets/d/1fLFZpjJbqFpur1ak4uvBGDQAPlXK3ZD9k7O1ji8YAW8/export?format=xlsx&gid=1199615731 "HTTP/1.1 307 Temporary Redirect"
2024-08-22 19:00:07,479 - httpx - INFO - HTTP Request: GET https://doc-10-0g-sheets.googleusercontent.com/export/54bogvaave6cua4cdnls17ksc4/sme68then15t3ulmf32fucqkms/1724364005000/112525517457232303984/*/1fLFZpjJbqFpur1ak4uvBGDQAPlXK3ZD9k7O1ji8YAW8?format=xlsx&gid=1199615731 "HTTP/1.1 200 OK"
2024-08-22 19:00:09,401 - httpx - INFO - HTTP Request: POST https://api.mailgun.net/v3/crudbox.com.br/messages "HTTP/1.1 200 OK"
2024-08-24 19:00:08,970 - httpx - INFO - HTTP Request: GET https://docs.google.com/spreadsheets/d/1fLFZpjJbqFpur1ak4uvBGDQAPlXK3ZD9k7O1ji8YAW8/export?format=xlsx&gid=1199615731 "HTTP/1.1 307 Temporary Redirect"
2024-08-24 19:00:09,889 - httpx - INFO - HTTP Request: GET https://doc-10-0g-sheets.googleusercontent.com/export/54bogvaave6cua4cdnls17ksc4/7i5ffud924nds95ibh6af16230/1724536805000/112525517457232303984/*/1fLFZpjJbqFpur1ak4uvBGDQAPlXK3ZD9k7O1ji8YAW8?format=xlsx&gid=1199615731 "HTTP/1.1 200 OK"
2024-08-24 19:00:12,229 - httpx - INFO - HTTP Request: POST https://api.mailgun.net/v3/crudbox.com.br/messages "HTTP/1.1 200 OK"
2024-08-26 19:00:05,222 - httpx - INFO - HTTP Request: GET https://docs.google.com/spreadsheets/d/1fLFZpjJbqFpur1ak4uvBGDQAPlXK3ZD9k7O1ji8YAW8/export?format=xlsx&gid=1199615731 "HTTP/1.1 307 Temporary Redirect"
2024-08-26 19:00:05,901 - httpx - INFO - HTTP Request: GET https://doc-10-0g-sheets.googleusercontent.com/export/54bogvaave6cua4cdnls17ksc4/e9nnd30djf8vepjeh0d2np5bp0/1724709605000/112525517457232303984/*/1fLFZpjJbqFpur1ak4uvBGDQAPlXK3ZD9k7O1ji8YAW8?format=xlsx&gid=1199615731 "HTTP/1.1 200 OK"
2024-08-26 19:00:08,017 - httpx - INFO - HTTP Request: POST https://api.mailgun.net/v3/crudbox.com.br/messages "HTTP/1.1 200 OK"
2024-08-27 19:00:06,101 - httpx - INFO - HTTP Request: GET https://docs.google.com/spreadsheets/d/1fLFZpjJbqFpur1ak4uvBGDQAPlXK3ZD9k7O1ji8YAW8/export?format=xlsx&gid=1199615731 "HTTP/1.1 307 Temporary Redirect"
2024-08-27 19:00:07,077 - httpx - INFO - HTTP Request: GET https://doc-10-0g-sheets.googleusercontent.com/export/54bogvaave6cua4cdnls17ksc4/9duvlr4u4rci3vaijuph562304/1724796005000/112525517457232303984/*/1fLFZpjJbqFpur1ak4uvBGDQAPlXK3ZD9k7O1ji8YAW8?format=xlsx&gid=1199615731 "HTTP/1.1 200 OK"
2024-08-27 19:00:08,849 - httpx - INFO - HTTP Request: POST https://api.mailgun.net/v3/crudbox.com.br/messages "HTTP/1.1 200 OK"
2024-08-28 19:00:05,629 - httpx - INFO - HTTP Request: GET https://docs.google.com/spreadsheets/d/1fLFZpjJbqFpur1ak4uvBGDQAPlXK3ZD9k7O1ji8YAW8/export?format=xlsx&gid=1199615731 "HTTP/1.1 307 Temporary Redirect"
2024-08-28 19:00:06,482 - httpx - INFO - HTTP Request: GET https://doc-10-0g-sheets.googleusercontent.com/export/54bogvaave6cua4cdnls17ksc4/f0t6kgchn0366vtt6enrddbqs0/1724882405000/112525517457232303984/*/1fLFZpjJbqFpur1ak4uvBGDQAPlXK3ZD9k7O1ji8YAW8?format=xlsx&gid=1199615731 "HTTP/1.1 200 OK"
2024-08-28 19:00:08,583 - httpx - INFO - HTTP Request: POST https://api.mailgun.net/v3/crudbox.com.br/messages "HTTP/1.1 200 OK"
2024-08-28 20:31:58,714 - httpx - INFO - HTTP Request: GET https://docs.google.com/spreadsheets/d/1fLFZpjJbqFpur1ak4uvBGDQAPlXK3ZD9k7O1ji8YAW8/export?format=xlsx&gid=1199615731 "HTTP/1.1 307 Temporary Redirect"
2024-08-28 20:31:59,616 - httpx - INFO - HTTP Request: GET https://doc-10-0g-sheets.googleusercontent.com/export/54bogvaave6cua4cdnls17ksc4/9bf25953gil7de7bet3dluqphc/1724887930000/112525517457232303984/*/1fLFZpjJbqFpur1ak4uvBGDQAPlXK3ZD9k7O1ji8YAW8?format=xlsx&gid=1199615731 "HTTP/1.1 200 OK"
2024-08-28 20:32:01,717 - httpx - INFO - HTTP Request: POST https://api.mailgun.net/v3/crudbox.com.br/messages "HTTP/1.1 403 Forbidden"
2024-08-28 20:54:24,887 - httpx - INFO - HTTP Request: GET https://docs.google.com/spreadsheets/d/1fLFZpjJbqFpur1ak4uvBGDQAPlXK3ZD9k7O1ji8YAW8/export?format=xlsx&gid=1199615731 "HTTP/1.1 307 Temporary Redirect"
2024-08-28 20:54:25,822 - httpx - INFO - HTTP Request: GET https://doc-10-0g-sheets.googleusercontent.com/export/54bogvaave6cua4cdnls17ksc4/6nmllk1cdch7gs6lmtjl60u404/1724889275000/112525517457232303984/*/1fLFZpjJbqFpur1ak4uvBGDQAPlXK3ZD9k7O1ji8YAW8?format=xlsx&gid=1199615731 "HTTP/1.1 200 OK"
2024-08-28 20:54:27,396 - httpx - INFO - HTTP Request: POST https://api.mailgun.net/v3/crudbox.com.br/messages "HTTP/1.1 403 Forbidden"
