[debug] [2023-03-08T12:55:42.789Z] ----------------------------------------------------------------------
[debug] [2023-03-08T12:55:42.797Z] Command:       C:\Program Files\nodejs\node.exe C:\Users\TAX Contabilidade\AppData\Roaming\npm\node_modules\firebase-tools\lib\bin\firebase.js init functions
[debug] [2023-03-08T12:55:42.799Z] CLI Version:   11.24.0
[debug] [2023-03-08T12:55:42.800Z] Platform:      win32
[debug] [2023-03-08T12:55:42.800Z] Node Version:  v18.14.2
[debug] [2023-03-08T12:55:42.820Z] Time:          Wed Mar 08 2023 09:55:42 GMT-0300 (Horário Padrão de Brasília)
[debug] [2023-03-08T12:55:42.821Z] ----------------------------------------------------------------------
[debug] 
[debug] [2023-03-08T12:55:42.832Z] >>> [apiv2][query] GET https://firebase-public.firebaseio.com/cli.json [none]
[debug] [2023-03-08T12:55:42.987Z] > command requires scopes: ["email","openid","https://www.googleapis.com/auth/cloudplatformprojects.readonly","https://www.googleapis.com/auth/firebase","https://www.googleapis.com/auth/cloud-platform"]
[debug] [2023-03-08T12:55:42.988Z] > authorizing via signed-in user (josepsousa2012@gmail.com)
[info] 
     ######## #### ########  ######## ########     ###     ######  ########
     ##        ##  ##     ## ##       ##     ##  ##   ##  ##       ##
     ######    ##  ########  ######   ########  #########  ######  ######
     ##        ##  ##    ##  ##       ##     ## ##     ##       ## ##
     ##       #### ##     ## ######## ########  ##     ##  ######  ########

You're about to initialize a Firebase project in this directory:

  C:\Users\TAX Contabilidade\Desktop\José\api\getnet-api

[debug] [2023-03-08T12:55:43.606Z] <<< [apiv2][status] GET https://firebase-public.firebaseio.com/cli.json 200
[debug] [2023-03-08T12:55:43.606Z] <<< [apiv2][body] GET https://firebase-public.firebaseio.com/cli.json {"cloudBuildErrorAfter":1594252800000,"cloudBuildWarnAfter":1590019200000,"defaultNode10After":1594252800000,"minVersion":"3.0.5","node8DeploysDisabledAfter":1613390400000,"node8RuntimeDisabledAfter":1615809600000,"node8WarnAfter":1600128000000}
[info] 
=== Project Setup
[info] 
[info] First, let's associate this project directory with a Firebase project.
[info] You can create multiple project aliases by running firebase use --add, 
[info] but for now we'll just set up a default project.
[info] 
[info] i  If you want to create a project in a Google Cloud organization or folder, please use "firebase projects:create" instead, and return to this command when you've created the project. 
